[SNIPER DEBUG] 2026-06-26 10:04:35
1. KETEMU NAMA USER: 'Mila Store
SN'
❌ ERROR: NAMA 'Mila Store
SN' TIDAK ADA DI TABEL USERS!
------------------------
[SNIPER DEBUG] 2026-06-26 12:14:10
1. KETEMU NAMA USER: 'AjiStore'
2. KETEMU WA (VIA USER): 182394963365934
4. MENEMBAK KE NODE.JS: 182394963365934
5. BALASAN NODE.JS: {"status":true}
------------------------
[SNIPER DEBUG] 2026-06-26 12:27:04
1. KETEMU NAMA USER: 'AjiStore'
2. KETEMU WA (VIA USER): 182394963365934
4. MENEMBAK KE NODE.JS: 182394963365934
5. BALASAN NODE.JS: {"status":true}
------------------------
[SNIPER DEBUG] 2026-06-26 12:48:48
1. KETEMU NAMA USER: 'AjiStore
SN'
❌ ERROR: NAMA 'AjiStore
SN' TIDAK ADA DI TABEL USERS!
------------------------
[SNIPER DEBUG] 2026-06-26 12:53:00
1. KETEMU NAMA USER: 'AjiStore
SN'
❌ ERROR: NAMA 'AjiStore
SN' TIDAK ADA DI TABEL USERS!
------------------------
[SNIPER DEBUG] 2026-06-26 15:30:01
1. KETEMU NAMA USER: 'yuliyanto uzumaki
SN'
❌ ERROR: NAMA 'yuliyanto uzumaki
SN' TIDAK ADA DI TABEL USERS!
------------------------
[SNIPER FINAL] 2026-06-26 15:47:35
1. KETEMU NAMA USER: 'Amdk'
2. KETEMU WA (VIA USER): 225804080390368
4. MENEMBAK KE NODE.JS: 225804080390368
5. BALASAN NODE.JS: {"status":true}
------------------------
[SNIPER FINAL] 2026-06-26 17:19:49
1. KETEMU NAMA USER: 'Amdk'
2. KETEMU WA (VIA USER): 225804080390368
4. MENEMBAK KE NODE.JS: 225804080390368
5. BALASAN NODE.JS: {"status":true}
------------------------
[SNIPER FINAL] 2026-06-26 17:22:22
1. KETEMU NAMA USER: 'Amdk'
2. KETEMU WA (VIA USER): 225804080390368
4. MENEMBAK KE NODE.JS: 225804080390368
5. BALASAN NODE.JS: {"status":true}
------------------------
[SNIPER FINAL] 2026-06-26 17:24:54
1. KETEMU NAMA USER: 'Amdk'
2. KETEMU WA (VIA USER): 225804080390368
4. MENEMBAK KE NODE.JS: 225804080390368
5. BALASAN NODE.JS: {"status":true}
------------------------
[SNIPER FINAL] 2026-06-26 18:27:09
1. KETEMU NAMA USER: 'Mawar Cell'
2. KETEMU WA (VIA USER): 277404052410434
4. MENEMBAK KE NODE.JS: 277404052410434
5. BALASAN NODE.JS: {"status":true}
------------------------
[SNIPER FINAL] 2026-06-26 18:31:14
1. KETEMU NAMA USER: 'Mila Store'
2. KETEMU WA (VIA USER): 83004990951497
4. MENEMBAK KE NODE.JS: 83004990951497
5. BALASAN NODE.JS: {"status":true}
------------------------
[SNIPER FINAL] 2026-06-26 19:08:44
1. KETEMU NAMA USER: 'Mila Store'
2. KETEMU WA (VIA USER): 83004990951497
4. MENEMBAK KE NODE.JS: 83004990951497
5. BALASAN NODE.JS: {"status":true}
------------------------
[SNIPER FINAL] 2026-06-26 19:55:47
1. KETEMU NAMA USER: 'Amdk'
2. KETEMU WA (VIA USER): 225804080390368
4. MENEMBAK KE NODE.JS: 225804080390368
5. BALASAN NODE.JS: {"status":true}
------------------------
[SNIPER FINAL] 2026-06-27 05:19:15
1. KETEMU NAMA USER: 'Nikris'
2. KETEMU WA (VIA USER): 085933237492
4. MENEMBAK KE NODE.JS: 6285933237492
5. BALASAN NODE.JS: {"status":true}
------------------------
[SNIPER FINAL] 2026-06-27 05:35:33
1. KETEMU NAMA USER: 'Dimas Fahri Muhamad Indra'
2. KETEMU WA (VIA USER): 
------------------------
[SNIPER FINAL] 2026-06-27 06:08:43
1. KETEMU NAMA USER: 'Amdk'
2. KETEMU WA (VIA USER): 225804080390368
4. MENEMBAK KE NODE.JS: 225804080390368
5. BALASAN NODE.JS: {"status":true}
------------------------
[SNIPER FINAL] 2026-06-27 06:09:09
1. KETEMU NAMA USER: 'coba bot ku'
2. KETEMU WA (VIA USER): 58163168559326
4. MENEMBAK KE NODE.JS: 58163168559326
5. BALASAN NODE.JS: {"status":true}
------------------------
[SNIPER FINAL] 2026-06-27 06:16:23
1. KETEMU NAMA USER: 'Nikris'
2. KETEMU WA (VIA USER): 085933237492
4. MENEMBAK KE NODE.JS: 6285933237492
5. BALASAN NODE.JS: {"status":true}
------------------------
[SNIPER FINAL] 2026-06-27 06:35:53
1. KETEMU NAMA USER: 'coba bot ku'
2. KETEMU WA (VIA USER): 58163168559326
4. MENEMBAK KE NODE.JS: 58163168559326
5. BALASAN NODE.JS: {"status":true}
------------------------
[SNIPER FINAL] 2026-06-27 06:45:16
1. KETEMU NAMA USER: 'coba bot ku'
2. KETEMU WA (VIA USER): 58163168559326
4. MENEMBAK KE NODE.JS: 58163168559326
5. BALASAN NODE.JS: {"status":true}
------------------------
[SNIPER FINAL] 2026-06-27 06:57:06
1. KETEMU NAMA USER: 'coba bot ku'
2. KETEMU WA (VIA USER): 58163168559326
4. MENEMBAK KE NODE.JS: 58163168559326
5. BALASAN NODE.JS: {"status":true}
------------------------
[SNIPER FINAL] 2026-06-27 07:01:15
1. KETEMU NAMA USER: 'Sihas Cell'
2. KETEMU WA (VIA USER): 116814688301066
4. MENEMBAK KE NODE.JS: 116814688301066
5. BALASAN NODE.JS: {"status":true}
------------------------
[SNIPER FINAL] 2026-06-27 07:04:27
1. KETEMU NAMA USER: 'coba bot ku'
2. KETEMU WA (VIA USER): 58163168559326
4. MENEMBAK KE NODE.JS: 58163168559326
5. BALASAN NODE.JS: {"status":true}
------------------------
[SNIPER FINAL] 2026-06-27 07:05:24
1. KETEMU NAMA USER: 'coba bot ku'
2. KETEMU WA (VIA USER): 58163168559326
4. MENEMBAK KE NODE.JS: 58163168559326
5. BALASAN NODE.JS: {"status":true}
------------------------
[SNIPER FINAL] 2026-06-27 07:07:11
1. KETEMU NAMA USER: 'coba bot ku'
2. KETEMU WA (VIA USER): 58163168559326
4. MENEMBAK KE NODE.JS: 58163168559326
5. BALASAN NODE.JS: {"status":true}
------------------------
[SNIPER FINAL] 2026-06-27 07:08:53
1. KETEMU NAMA USER: 'coba bot ku'
2. KETEMU WA (VIA USER): 58163168559326
4. MENEMBAK KE NODE.JS: 58163168559326
5. BALASAN NODE.JS: {"status":true}
------------------------
[SNIPER FINAL] 2026-06-27 07:08:53
1. KETEMU NAMA USER: 'Nadila Nurfitrih'
2. KETEMU WA (VIA USER): 082347511293
4. MENEMBAK KE NODE.JS: 6282347511293
5. BALASAN NODE.JS: {"status":true}
------------------------
[SNIPER FINAL] 2026-06-27 07:39:11
1. KETEMU NAMA USER: 'Amdk'
2. KETEMU WA (VIA USER): 225804080390368
4. MENEMBAK KE NODE.JS: 225804080390368
5. BALASAN NODE.JS: {"status":true}
------------------------
[SNIPER FINAL] 2026-06-27 08:16:41
1. KETEMU NAMA USER: 'Nadila Nurfitrih'
2. KETEMU WA (VIA USER): 082347511293
4. MENEMBAK KE NODE.JS: 6282347511293
5. BALASAN NODE.JS: {"status":true}
------------------------
[SNIPER FINAL] 2026-06-27 08:36:46
1. KETEMU NAMA USER: 'Nikris'
2. KETEMU WA (VIA USER): 085933237492
4. MENEMBAK KE NODE.JS: 6285933237492
5. BALASAN NODE.JS: {"status":true}
------------------------
[SNIPER FINAL] 2026-06-27 08:56:30
1. KETEMU NAMA USER: 'Nadila Nurfitrih'
2. KETEMU WA (VIA USER): 082347511293
4. MENEMBAK KE NODE.JS: 6282347511293
5. BALASAN NODE.JS: {"status":true}
------------------------
[SNIPER FINAL] 2026-06-27 08:59:08
1. KETEMU NAMA USER: 'Nadila Nurfitrih'
2. KETEMU WA (VIA USER): 082347511293
4. MENEMBAK KE NODE.JS: 6282347511293
5. BALASAN NODE.JS: {"status":true}
------------------------
[SNIPER FINAL] 2026-06-27 09:29:07
1. KETEMU NAMA USER: 'Amdk'
2. KETEMU WA (VIA USER): 225804080390368
4. MENEMBAK KE NODE.JS: 225804080390368
5. BALASAN NODE.JS: {"status":true}
------------------------
[SNIPER FINAL] 2026-06-27 14:29:24
1. KETEMU NAMA USER: 'Amdk'
2. KETEMU WA (VIA USER): 225804080390368
4. MENEMBAK KE NODE.JS: 225804080390368
5. BALASAN NODE.JS: {"status":true}
------------------------
[SNIPER FINAL] 2026-06-28 05:55:24
1. KETEMU NAMA USER: 'Nurfadilah'
2. KETEMU WA (VIA USER): 182562232217614
4. MENEMBAK KE NODE.JS: 182562232217614
5. BALASAN NODE.JS: {"status":true}
------------------------
[SNIPER FINAL] 2026-06-28 06:02:42
1. KETEMU NAMA USER: 'Dimas Fahri Muhamad Indra'
2. KETEMU WA (VIA USER): 
------------------------
[SNIPER FINAL] 2026-06-28 06:03:07
1. KETEMU NAMA USER: 'Mila Store'
2. KETEMU WA (VIA USER): 83004990951497
4. MENEMBAK KE NODE.JS: 83004990951497
5. BALASAN NODE.JS: {"status":true}
------------------------
[SNIPER FINAL] 2026-06-28 06:45:52
1. KETEMU NAMA USER: 'Mawar Cell'
2. KETEMU WA (VIA USER): 277404052410434
4. MENEMBAK KE NODE.JS: 277404052410434
5. BALASAN NODE.JS: {"status":true}
------------------------
[SNIPER FINAL] 2026-06-28 08:04:17
1. KETEMU NAMA USER: 'Mawar Cell'
2. KETEMU WA (VIA USER): 277404052410434
4. MENEMBAK KE NODE.JS: 277404052410434
5. BALASAN NODE.JS: {"status":true}
------------------------
[SNIPER FINAL] 2026-06-28 08:27:33
1. KETEMU NAMA USER: 'Sihas Cell'
2. KETEMU WA (VIA USER): 116814688301066
4. MENEMBAK KE NODE.JS: 116814688301066
5. BALASAN NODE.JS: {"status":true}
------------------------
[SNIPER FINAL] 2026-06-28 08:51:26
1. KETEMU NAMA USER: 'Elsa Sha'
2. KETEMU WA (VIA USER): 234840708395210
4. MENEMBAK KE NODE.JS: 234840708395210
5. BALASAN NODE.JS: {"status":true}
------------------------
[SNIPER FINAL] 2026-06-28 09:21:45
1. KETEMU NAMA USER: 'Jeshh'
2. KETEMU WA (VIA USER): 087836416718
4. MENEMBAK KE NODE.JS: 6287836416718
5. BALASAN NODE.JS: {"status":true}
------------------------
